::1 - - [01/May/2020:04:02:30 +0000] "GET / HTTP/1.1" 404 139 "-" "PostmanRuntime/7.24.1"
::1 - - [01/May/2020:04:02:46 +0000] "GET / HTTP/1.1" 404 139 "-" "PostmanRuntime/7.24.1"
::1 - - [01/May/2020:04:50:56 +0000] "GET / HTTP/1.1" 404 139 "-" "PostmanRuntime/7.24.1"
::1 - - [01/May/2020:04:54:15 +0000] "GET /users HTTP/1.1" 401 12 "-" "PostmanRuntime/7.24.1"
::1 - - [01/May/2020:05:00:23 +0000] "POST /users HTTP/1.1" 409 152 "-" "PostmanRuntime/7.24.1"
::1 - - [01/May/2020:05:00:32 +0000] "PUT /users HTTP/1.1" 404 144 "-" "PostmanRuntime/7.24.1"
::1 - - [01/May/2020:05:00:38 +0000] "PATCH /users HTTP/1.1" 404 146 "-" "PostmanRuntime/7.24.1"
::1 - - [01/May/2020:05:00:51 +0000] "GET /users HTTP/1.1" 401 12 "-" "PostmanRuntime/7.24.1"
::1 - - [01/May/2020:05:01:29 +0000] "GET /users HTTP/1.1" 401 12 "-" "PostmanRuntime/7.24.1"
::1 - - [01/May/2020:05:02:03 +0000] "GET /users HTTP/1.1" 401 12 "-" "PostmanRuntime/7.24.1"
::1 - - [01/May/2020:05:02:16 +0000] "GET /users HTTP/1.1" 401 12 "-" "PostmanRuntime/7.24.1"
::1 - - [01/May/2020:05:02:24 +0000] "GET /post HTTP/1.1" 404 143 "-" "PostmanRuntime/7.24.1"
::1 - - [01/May/2020:05:02:33 +0000] "GET /users HTTP/1.1" 401 12 "-" "PostmanRuntime/7.24.1"
::1 - - [01/May/2020:05:03:41 +0000] "GET /users HTTP/1.1" 401 12 "-" "PostmanRuntime/7.24.1"
::1 - - [06/May/2020:14:10:12 +0000] "POST /auth HTTP/1.1" 500 132 "-" "PostmanRuntime/7.24.1"
::1 - - [06/May/2020:14:10:17 +0000] "GET /users HTTP/1.1" 401 12 "-" "PostmanRuntime/7.24.1"
::1 - - [06/May/2020:14:10:19 +0000] "GET /users HTTP/1.1" 401 12 "-" "PostmanRuntime/7.24.1"
::1 - - [06/May/2020:14:10:38 +0000] "POST /auth HTTP/1.1" 500 132 "-" "PostmanRuntime/7.24.1"
::1 - - [06/May/2020:14:13:18 +0000] "POST /auth HTTP/1.1" 500 132 "-" "PostmanRuntime/7.24.1"
::1 - - [06/May/2020:14:13:24 +0000] "POST /auth HTTP/1.1" 500 132 "-" "PostmanRuntime/7.24.1"
::1 - - [06/May/2020:14:13:29 +0000] "POST /auth HTTP/1.1" 500 132 "-" "PostmanRuntime/7.24.1"
